<?xml version="1.0" encoding="UTF-8"?>
<coverage generated="1728151853833" clover="3.2.0">
  <project timestamp="1728151853833" name="All files">
    <metrics statements="11" coveredstatements="5" conditionals="0" coveredconditionals="0" methods="3" coveredmethods="1" elements="14" coveredelements="6" complexity="0" loc="11" ncloc="11" packages="1" files="1" classes="1"/>
    <file name="Contact.js" path="C:\Users\aksha\OneDrive\Documents\NamasteReact\src\components\Contact.js">
      <metrics statements="11" coveredstatements="5" conditionals="0" coveredconditionals="0" methods="3" coveredmethods="1"/>
      <line num="3" count="1" type="stmt"/>
      <line num="4" count="2" type="stmt"/>
      <line num="10" count="2" type="stmt"/>
      <line num="11" count="0" type="stmt"/>
      <line num="12" count="0" type="stmt"/>
      <line num="15" count="2" type="stmt"/>
      <line num="16" count="0" type="stmt"/>
      <line num="18" count="0" type="stmt"/>
      <line num="19" count="0" type="stmt"/>
      <line num="22" count="0" type="stmt"/>
      <line num="25" count="2" type="stmt"/>
    </file>
  </project>
</coverage>
